[debug] [2021-01-17T14:15:55.036Z] ----------------------------------------------------------------------
[debug] [2021-01-17T14:15:55.038Z] Command:       /usr/local/Cellar/node@10/10.16.3/bin/node /usr/local/bin/firebase login
[debug] [2021-01-17T14:15:55.039Z] CLI Version:   9.2.1
[debug] [2021-01-17T14:15:55.039Z] Platform:      darwin
[debug] [2021-01-17T14:15:55.039Z] Node Version:  v10.16.3
[debug] [2021-01-17T14:15:55.040Z] Time:          Sun Jan 17 2021 19:45:55 GMT+0530 (India Standard Time)
[debug] [2021-01-17T14:15:55.040Z] ----------------------------------------------------------------------
[debug] [2021-01-17T14:15:55.040Z] 
[info] i  Firebase optionally collects CLI usage and error reporting information to help improve our products. Data is collected in accordance with Google's privacy policy (https://policies.google.com/privacy) and is not used to identify you.
 
[info] i  To change your data collection preference at any time, run `firebase logout` and log in again. 
[info] 
[info] Visit this URL on this device to log in:
[info] https://accounts.google.com/o/oauth2/auth?client_id=563584335869-fgrhgmd47bqnekij5i8b5pr03ho849e6.apps.googleusercontent.com&scope=email%20openid%20https%3A%2F%2Fwww.googleapis.com%2Fauth%2Fcloudplatformprojects.readonly%20https%3A%2F%2Fwww.googleapis.com%2Fauth%2Ffirebase%20https%3A%2F%2Fwww.googleapis.com%2Fauth%2Fcloud-platform&response_type=code&state=286529068&redirect_uri=http%3A%2F%2Flocalhost%3A9005
[info] 
[info] Waiting for authentication...
[debug] [2021-01-17T14:17:13.888Z] >>> HTTP REQUEST POST https://accounts.google.com/o/oauth2/token  
 {"code":"4/0AY0e-g6z9bIKHeIHFutCox5rH3uJcoe2hsgG3wwtdEgaYY4ADNN3SBAeB91-6Q_Auf0zMg","client_id":"563584335869-fgrhgmd47bqnekij5i8b5pr03ho849e6.apps.googleusercontent.com","client_secret":"j9iVZfS8kkCEFUPaAeJV0sAi","redirect_uri":"http://localhost:9005","grant_type":"authorization_code"}
[debug] [2021-01-17T14:17:14.106Z] Token Fetch Error: FirebaseError: Server Error. self signed certificate in certificate chain
    at Request._callback (/usr/local/lib/node_modules/firebase-tools/lib/api.js:32:31)
    at self.callback (/usr/local/lib/node_modules/firebase-tools/node_modules/request/request.js:185:22)
    at Request.emit (events.js:198:13)
    at Request.EventEmitter.emit (domain.js:448:20)
    at Request.onRequestError (/usr/local/lib/node_modules/firebase-tools/node_modules/request/request.js:877:8)
    at ClientRequest.emit (events.js:198:13)
    at ClientRequest.EventEmitter.emit (domain.js:448:20)
    at TLSSocket.socketErrorListener (_http_client.js:392:9)
    at TLSSocket.emit (events.js:198:13)
    at TLSSocket.EventEmitter.emit (domain.js:448:20)
    at emitErrorNT (internal/streams/destroy.js:91:8)
    at emitErrorAndCloseNT (internal/streams/destroy.js:59:3)
    at process._tickCallback (internal/process/next_tick.js:63:19)
